<?xml version="1.0" encoding="UTF-8"?>
<!-- Generated by org.testng.reporters.JUnitReportReporter -->
<testsuite hostname="Shadow" failures="0" tests="11" name="testcases.CarInsuranceFieldValidation" time="0.001" errors="1" timestamp="2021-06-29T16:28:59 IST" skipped="10">
  <testcase classname="testcases.CarInsuranceFieldValidation" name="setup" time="0.001">
    <error message="Cannot invoke &quot;org.openqa.selenium.WebDriver.navigate()&quot; because &quot;testcases.CarInsuranceFieldValidation.driver&quot; is null" type="java.lang.NullPointerException">
      <![CDATA[java.lang.NullPointerException: Cannot invoke "org.openqa.selenium.WebDriver.navigate()" because "testcases.CarInsuranceFieldValidation.driver" is null
at testcases.CarInsuranceFieldValidation.setup(CarInsuranceFieldValidation.java:33)
at java.base/jdk.internal.reflect.NativeMethodAccessorImpl.invoke0(Native Method)
at java.base/jdk.internal.reflect.NativeMethodAccessorImpl.invoke(NativeMethodAccessorImpl.java:64)
at java.base/jdk.internal.reflect.DelegatingMethodAccessorImpl.invoke(DelegatingMethodAccessorImpl.java:43)
at java.base/java.lang.reflect.Method.invoke(Method.java:564)
at org.testng.internal.MethodInvocationHelper.invokeMethod(MethodInvocationHelper.java:133)
at org.testng.internal.MethodInvocationHelper.invokeMethodConsideringTimeout(MethodInvocationHelper.java:62)
at org.testng.internal.ConfigInvoker.invokeConfigurationMethod(ConfigInvoker.java:385)
at org.testng.internal.ConfigInvoker.invokeConfigurations(ConfigInvoker.java:321)
at org.testng.internal.TestMethodWorker.invokeBeforeClassMethods(TestMethodWorker.java:176)
at org.testng.internal.TestMethodWorker.run(TestMethodWorker.java:122)
at java.base/java.util.ArrayList.forEach(ArrayList.java:1511)
at org.testng.TestRunner.privateRun(TestRunner.java:794)
at org.testng.TestRunner.run(TestRunner.java:596)
at org.testng.SuiteRunner.runTest(SuiteRunner.java:377)
at org.testng.SuiteRunner.runSequentially(SuiteRunner.java:371)
at org.testng.SuiteRunner.privateRun(SuiteRunner.java:332)
at org.testng.SuiteRunner.run(SuiteRunner.java:276)
at org.testng.SuiteRunnerWorker.runSuite(SuiteRunnerWorker.java:53)
at org.testng.SuiteRunnerWorker.run(SuiteRunnerWorker.java:96)
at org.testng.TestNG.runSuitesSequentially(TestNG.java:1212)
at org.testng.TestNG.runSuitesLocally(TestNG.java:1134)
at org.testng.TestNG.runSuites(TestNG.java:1063)
at org.testng.TestNG.run(TestNG.java:1031)
at org.testng.remote.AbstractRemoteTestNG.run(AbstractRemoteTestNG.java:115)
at org.testng.remote.RemoteTestNG.initAndRun(RemoteTestNG.java:251)
at org.testng.remote.RemoteTestNG.main(RemoteTestNG.java:77)
]]>
    </error>
  </testcase> <!-- setup -->
  <system-out/>
  <testcase classname="testcases.CarInsuranceFieldValidation" name="clickCarInsuranceTest" time="0.000">
    <skipped/>
  </testcase> <!-- clickCarInsuranceTest -->
  <system-out/>
  <testcase classname="testcases.CarInsuranceFieldValidation" name="clickProceedButtonTest" time="0.000">
    <skipped/>
  </testcase> <!-- clickProceedButtonTest -->
  <system-out/>
  <testcase classname="testcases.CarInsuranceFieldValidation" name="selectCityTest" time="0.000">
    <skipped/>
  </testcase> <!-- selectCityTest -->
  <system-out/>
  <testcase classname="testcases.CarInsuranceFieldValidation" name="selectCarBrandTest" time="0.000">
    <skipped/>
  </testcase> <!-- selectCarBrandTest -->
  <system-out/>
  <testcase classname="testcases.CarInsuranceFieldValidation" name="selectCarModelTest" time="0.000">
    <skipped/>
  </testcase> <!-- selectCarModelTest -->
  <system-out/>
  <testcase classname="testcases.CarInsuranceFieldValidation" name="chooseFuelTypeTest" time="0.000">
    <skipped/>
  </testcase> <!-- chooseFuelTypeTest -->
  <system-out/>
  <testcase classname="testcases.CarInsuranceFieldValidation" name="selectCarVariantTest" time="0.000">
    <skipped/>
  </testcase> <!-- selectCarVariantTest -->
  <system-out/>
  <testcase classname="testcases.CarInsuranceFieldValidation" name="selectYearTest" time="0.000">
    <skipped/>
  </testcase> <!-- selectYearTest -->
  <system-out/>
  <testcase classname="testcases.CarInsuranceFieldValidation" name="fillDetailsTest" time="0.000">
    <skipped/>
  </testcase> <!-- fillDetailsTest -->
  <system-out/>
  <testcase classname="testcases.CarInsuranceFieldValidation" name="takeScreenshotTest" time="0.000">
    <skipped/>
  </testcase> <!-- takeScreenshotTest -->
  <system-out/>
</testsuite> <!-- testcases.CarInsuranceFieldValidation -->
